[1440] jarvis: 46 parts, CLEAN
[1440] luven: 32 parts, CLEAN
[1440] emerge: 46 parts, CLEAN
[1440] dolomite: 36 parts, CLEAN
[1440] everclash: 62 parts, CLEAN
[1440] voxhalla: 73 parts, CLEAN
[1440] bigback: 15 parts, CLEAN
[1440] beyond: 68 parts, CLEAN
[1280] jarvis: 46 parts, CLEAN
[1280] luven: 32 parts, CLEAN
[1280] emerge: 44 parts, CLEAN
[1280] dolomite: 36 parts, CLEAN
[1280] everclash: 62 parts, CLEAN
[1280] voxhalla: 73 parts, CLEAN
[1280] bigback: 15 parts, CLEAN
[1280] beyond: 68 parts, CLEAN
[mobile] jarvis: 46 parts, CLEAN
[mobile] luven: 32 parts, CLEAN
[mobile] emerge: 46 parts, CLEAN
[mobile] dolomite: 36 parts, CLEAN
[mobile] everclash: 62 parts, CLEAN
[mobile] voxhalla: 73 parts, CLEAN
[mobile] bigback: 15 parts, CLEAN
[mobile] beyond: 68 parts, CLEAN
COLLISION AUDIT: ALL CLEAN
